{"numFailedTestSuites":0,"numFailedTests":0,"numPassedTestSuites":6,"numPassedTests":22,"numPendingTestSuites":0,"numPendingTests":0,"numRuntimeErrorTestSuites":0,"numTodoTests":0,"numTotalTestSuites":6,"numTotalTests":22,"openHandles":[],"snapshot":{"added":0,"didUpdate":false,"failure":false,"filesAdded":0,"filesRemoved":0,"filesRemovedList":[],"filesUnmatched":0,"filesUpdated":0,"matched":0,"total":0,"unchecked":0,"uncheckedKeysByFile":[],"unmatched":0,"updated":0},"startTime":1652450932434,"success":true,"testResults":[{"assertionResults":[{"ancestorTitles":["Homepage components rendering"],"failureMessages":[],"fullName":"Homepage components rendering Rendering 'Welcome'","location":null,"status":"passed","title":"Rendering 'Welcome'"},{"ancestorTitles":["Homepage components rendering"],"failureMessages":[],"fullName":"Homepage components rendering Rendering 'Start Your Adventure Now","location":null,"status":"passed","title":"Rendering 'Start Your Adventure Now"},{"ancestorTitles":["Homepage components rendering","Register button"],"failureMessages":[],"fullName":"Homepage components rendering Register button Rendering the register button","location":null,"status":"passed","title":"Rendering the register button"},{"ancestorTitles":["Homepage components rendering","Register button"],"failureMessages":[],"fullName":"Homepage components rendering Register button Test if the register button navigate to the register page","location":null,"status":"passed","title":"Test if the register button navigate to the register page"},{"ancestorTitles":["Homepage components rendering","Login button"],"failureMessages":[],"fullName":"Homepage components rendering Login button Rendering the login button","location":null,"status":"passed","title":"Rendering the login button"},{"ancestorTitles":["Homepage components rendering","Login button"],"failureMessages":[],"fullName":"Homepage components rendering Login button Test if the login button navigate to the login page","location":null,"status":"passed","title":"Test if the login button navigate to the login page"}],"endTime":1652450935773,"message":"","name":"/Users/kimhiengtiv/Documents/GFTTT/GFTTT/src/components/__tests__/home.test.js","startTime":1652450933671,"status":"passed","summary":""},{"assertionResults":[{"ancestorTitles":["Compendium"],"failureMessages":[],"fullName":"Compendium Rendering the compendium title","location":null,"status":"passed","title":"Rendering the compendium title"},{"ancestorTitles":["Compendium","Build Character button"],"failureMessages":[],"fullName":"Compendium Build Character button Rendering the compendium title","location":null,"status":"passed","title":"Rendering the compendium title"},{"ancestorTitles":["Compendium","Build Character button"],"failureMessages":[],"fullName":"Compendium Build Character button Test if the Build Character button links to the build character page","location":null,"status":"passed","title":"Test if the Build Character button links to the build character page"}],"endTime":1652450935782,"message":"","name":"/Users/kimhiengtiv/Documents/GFTTT/GFTTT/src/components/__tests__/inventory.test.js","startTime":1652450933747,"status":"passed","summary":""},{"assertionResults":[{"ancestorTitles":["Navigation Menu"],"failureMessages":[],"fullName":"Navigation Menu Rendering the title","location":null,"status":"passed","title":"Rendering the title"},{"ancestorTitles":["Navigation Menu"],"failureMessages":[],"fullName":"Navigation Menu Rendering the Navigation Menu","location":null,"status":"passed","title":"Rendering the Navigation Menu"},{"ancestorTitles":["Navigation Menu","Testing the links of each menu"],"failureMessages":[],"fullName":"Navigation Menu Testing the links of each menu Test if the Home button navigate to the home page","location":null,"status":"passed","title":"Test if the Home button navigate to the home page"},{"ancestorTitles":["Navigation Menu","Testing the links of each menu"],"failureMessages":[],"fullName":"Navigation Menu Testing the links of each menu Test if the Compendium button navigate to the compendium page","location":null,"status":"passed","title":"Test if the Compendium button navigate to the compendium page"},{"ancestorTitles":["Navigation Menu","Testing the links of each menu"],"failureMessages":[],"fullName":"Navigation Menu Testing the links of each menu Test if the Tools button navigate to the tools page","location":null,"status":"passed","title":"Test if the Tools button navigate to the tools page"},{"ancestorTitles":["Navigation Menu","Testing the links of each menu"],"failureMessages":[],"fullName":"Navigation Menu Testing the links of each menu Test if the Community button navigate to the community page","location":null,"status":"passed","title":"Test if the Community button navigate to the community page"},{"ancestorTitles":["Navigation Menu","Testing the links of each menu"],"failureMessages":[],"fullName":"Navigation Menu Testing the links of each menu Test if the Profile button navigate to the profile page","location":null,"status":"passed","title":"Test if the Profile button navigate to the profile page"},{"ancestorTitles":["Navigation Menu","Testing the links of each menu"],"failureMessages":[],"fullName":"Navigation Menu Testing the links of each menu Test if the Help button navigate to the help page","location":null,"status":"passed","title":"Test if the Help button navigate to the help page"}],"endTime":1652450935804,"message":"","name":"/Users/kimhiengtiv/Documents/GFTTT/GFTTT/src/components/__tests__/Navbar.test.js","startTime":1652450933635,"status":"passed","summary":""},{"assertionResults":[{"ancestorTitles":["Build Character page"],"failureMessages":[],"fullName":"Build Character page Rendering the build character title","location":null,"status":"passed","title":"Rendering the build character title"},{"ancestorTitles":["Build Character page"],"failureMessages":[],"fullName":"Build Character page Rendering the misc pane","location":null,"status":"passed","title":"Rendering the misc pane"},{"ancestorTitles":["Build Character page"],"failureMessages":[],"fullName":"Build Character page Rendering the button options for build character","location":null,"status":"passed","title":"Rendering the button options for build character"}],"endTime":1652450935998,"message":"","name":"/Users/kimhiengtiv/Documents/GFTTT/GFTTT/src/components/__tests__/buildCharacter.test.js","startTime":1652450933743,"status":"passed","summary":""},{"assertionResults":[{"ancestorTitles":[],"failureMessages":[],"fullName":"Test the roll score function to make sure it's in the range between 3-18","location":null,"status":"passed","title":"Test the roll score function to make sure it's in the range between 3-18"}],"endTime":1652450936113,"message":"","name":"/Users/kimhiengtiv/Documents/GFTTT/GFTTT/src/components/__tests__/rollScore.test.js","startTime":1652450935818,"status":"passed","summary":""},{"assertionResults":[{"ancestorTitles":[],"failureMessages":[],"fullName":"Rendering the footer","location":null,"status":"passed","title":"Rendering the footer"}],"endTime":1652450936301,"message":"","name":"/Users/kimhiengtiv/Documents/GFTTT/GFTTT/src/components/__tests__/Footer.test.js","startTime":1652450935815,"status":"passed","summary":""}],"wasInterrupted":false}